<?xml version="1.0" encoding="UTF-8"?>
<!-- Generated by org.testng.reporters.JUnitReportReporter -->
<testsuite skipped="0" hostname="DESKTOP-VP8FAF2" name="tests.ContactUsTest" tests="1" failures="0" timestamp="05 oct. 2019 21:44:24 GMT" time="8.759" errors="0">
  <testcase name="UsercanContactUs" time="8.759" classname="tests.ContactUsTest"/>
</testsuite> <!-- tests.ContactUsTest -->
