<?xml version="1.0" encoding="UTF-8"?>
<testsuite name="tests.ContactUsTest" tests="1" skipped="0" failures="0" errors="0" timestamp="2019-10-05T21:44:09" hostname="DESKTOP-VP8FAF2" time="8.754">
  <properties/>
  <testcase name="UsercanContactUs" classname="tests.ContactUsTest" time="8.754"/>
  <system-out><![CDATA[]]></system-out>
  <system-err><![CDATA[]]></system-err>
</testsuite>
